<?xml version="1.0" encoding="UTF-8"?>
<!-- Generated by org.testng.reporters.JUnitXMLReporter -->
<testsuite ignored="0" hostname="DESKTOP-MLRJOEK" failures="0" tests="4" name="Test" time="3.79" errors="0" timestamp="2022-02-16T01:04:14 EET">
  <testcase classname="com.Test.Testcases" name="assertStatusCodeOFGetTVGategories" time="3.056"/>
  <testcase classname="com.Test.Testcases" name="assertBodyOFGetTVGategories" time="0.222"/>
  <testcase classname="com.Test.Testcases" name="assertOnContentType_JSON" time="0.126"/>
  <testcase classname="com.Test.Testcases" name="CheckthatCategoryisCreatedSuccessfully" time="0.303"/>
</testsuite> <!-- Test -->
