<?xml version="1.0" encoding="UTF-8"?>
<!-- Generated by org.testng.reporters.JUnitXMLReporter -->
<testsuite ignored="3" hostname="DESKTOP-MLRJOEK" failures="0" tests="1" name="Default test" time="3.21" errors="0" timestamp="2022-02-16T00:53:01 EET">
  <testcase classname="com.Test.Testcases" name="CheckthatCategoryisCreatedSuccessfully" time="3.152"/>
  <testcase classname="com.Test.Testcases" name="assertOnContentType_JSON" time="0.0">
    <ignored/>
  </testcase> <!-- assertOnContentType_JSON -->
  <testcase classname="com.Test.Testcases" name="assertBodyOFGetTVGategories" time="0.0">
    <ignored/>
  </testcase> <!-- assertBodyOFGetTVGategories -->
  <testcase classname="com.Test.Testcases" name="assertStatusCodeOFGetTVGategories" time="0.0">
    <ignored/>
  </testcase> <!-- assertStatusCodeOFGetTVGategories -->
</testsuite> <!-- Default test -->
